DEBUG	var-declr-rw-1
DEBUG	var-type-3
DEBUG	var-val-4
DEBUG	idx-safe-expr-1
DEBUG	expr-1
DEBUG	var-declr-5
CHECK_ASSIGN	yylineno: 5,	left: boolean,	right: boolean
NEW_VAR		yylineno: 5,	name: circulo,	line: 5,	type: boolean
DEBUG	stmt-1
DEBUG	stmt-list-2
DEBUG	var-declr-rw-1
DEBUG	var-type-1
DEBUG	var-val-2
DEBUG	idx-safe-expr-1
DEBUG	expr-1
DEBUG	var-declr-5
CHECK_ASSIGN	yylineno: 6,	left: number,	right: number
NEW_VAR		yylineno: 6,	name: pi,	line: 6,	type: number
DEBUG	stmt-1
DEBUG	stmt-list-1
DEBUG	var-declr-rw-1
DEBUG	var-type-1
DEBUG	var-val-1
DEBUG	idx-safe-expr-1
DEBUG	expr-1
DEBUG	var-declr-5
CHECK_ASSIGN	yylineno: 7,	left: number,	right: number
NEW_VAR		yylineno: 7,	name: raio,	line: 7,	type: number
DEBUG	stmt-1
DEBUG	stmt-list-1
DEBUG	var-declr-rw-1
DEBUG	var-type-3
DEBUG	var-val-5
DEBUG	idx-safe-expr-1
DEBUG	expr-1
DEBUG	var-declr-5
CHECK_ASSIGN	yylineno: 9,	left: boolean,	right: boolean
NEW_VAR		yylineno: 9,	name: triangulo,	line: 9,	type: boolean
DEBUG	stmt-1
DEBUG	stmt-list-1
DEBUG	var-declr-rw-1
DEBUG	var-type-1
DEBUG	var-val-2
DEBUG	idx-safe-expr-1
DEBUG	expr-1
DEBUG	var-declr-5
CHECK_ASSIGN	yylineno: 10,	left: number,	right: number
NEW_VAR		yylineno: 10,	name: base,	line: 10,	type: number
DEBUG	stmt-1
DEBUG	stmt-list-1
DEBUG	var-declr-rw-1
DEBUG	var-type-1
DEBUG	var-val-1
DEBUG	idx-safe-expr-1
DEBUG	expr-1
DEBUG	var-declr-5
CHECK_ASSIGN	yylineno: 11,	left: number,	right: number
NEW_VAR		yylineno: 11,	name: altura,	line: 11,	type: number
DEBUG	stmt-1
DEBUG	stmt-list-1
DEBUG	var-declr-rw-1
DEBUG	var-type-1
DEBUG	var-declr-4
NEW_VAR		yylineno: 13,	name: area,	line: 13,	type: number
DEBUG	stmt-1
DEBUG	stmt-list-1
DEBUG	idx-safe-expr-8
CHECK_VAR	yylineno: 15,	name: circulo
DEBUG	expr-1
DEBUG	var-val-4
DEBUG	idx-safe-expr-1
DEBUG	expr-1
DEBUG	logic-expr-1
UNIFY		yylineno: 15,	left: boolean,	right: boolean,	op: ==
DEBUG	idx-unsafe-expr-1
DEBUG	expr-2
DEBUG	idx-safe-expr-8
CHECK_VAR	yylineno: 15,	name: triangulo
DEBUG	expr-1
DEBUG	var-val-5
DEBUG	idx-safe-expr-1
DEBUG	expr-1
DEBUG	logic-expr-1
UNIFY		yylineno: 15,	left: boolean,	right: boolean,	op: ==
DEBUG	idx-unsafe-expr-1
DEBUG	expr-2
DEBUG	logic-expr-11
UNIFY		yylineno: 15,	left: boolean,	right: boolean,	op: &&
DEBUG	idx-unsafe-expr-1
DEBUG	expr-2
DEBUG	assignment-1
DEBUG	idx-safe-expr-8
CHECK_VAR	yylineno: 16,	name: pi
DEBUG	expr-1
DEBUG	idx-safe-expr-8
CHECK_VAR	yylineno: 16,	name: raio
DEBUG	expr-1
DEBUG	arit-expr-2
UNIFY		yylineno: 16,	left: number,	right: number,	op: *
DEBUG	idx-safe-expr-3
DEBUG	expr-1
DEBUG	idx-safe-expr-8
CHECK_VAR	yylineno: 16,	name: raio
DEBUG	expr-1
DEBUG	arit-expr-2
UNIFY		yylineno: 16,	left: number,	right: number,	op: *
DEBUG	idx-safe-expr-3
DEBUG	expr-1
DEBUG	assign-expr-2
CHECK_VAR	yylineno: 16,	name: area
CHECK_ASSIGN	yylineno: 16,	left: number,	right: number
DEBUG	stmt-5
DEBUG	stmt-list-2
DEBUG	line-1
DEBUG	idx-safe-expr-8
CHECK_VAR	yylineno: 17,	name: circulo
DEBUG	expr-1
DEBUG	var-val-5
DEBUG	idx-safe-expr-1
DEBUG	expr-1
DEBUG	logic-expr-1
UNIFY		yylineno: 17,	left: boolean,	right: boolean,	op: ==
DEBUG	idx-unsafe-expr-1
DEBUG	expr-2
DEBUG	idx-safe-expr-8
CHECK_VAR	yylineno: 17,	name: triangulo
DEBUG	expr-1
DEBUG	var-val-4
DEBUG	idx-safe-expr-1
DEBUG	expr-1
DEBUG	logic-expr-1
UNIFY		yylineno: 17,	left: boolean,	right: boolean,	op: ==
DEBUG	idx-unsafe-expr-1
DEBUG	expr-2
DEBUG	logic-expr-11
UNIFY		yylineno: 17,	left: boolean,	right: boolean,	op: &&
DEBUG	idx-unsafe-expr-1
DEBUG	expr-2
DEBUG	assignment-1
DEBUG	idx-safe-expr-8
CHECK_VAR	yylineno: 18,	name: base
DEBUG	expr-1
DEBUG	idx-safe-expr-8
CHECK_VAR	yylineno: 18,	name: altura
DEBUG	expr-1
DEBUG	arit-expr-2
UNIFY		yylineno: 18,	left: number,	right: number,	op: *
DEBUG	idx-safe-expr-3
DEBUG	expr-1
DEBUG	var-val-1
DEBUG	idx-safe-expr-1
DEBUG	expr-1
DEBUG	arit-expr-2
UNIFY		yylineno: 18,	left: number,	right: number,	op: /
DEBUG	idx-safe-expr-3
DEBUG	expr-1
DEBUG	assign-expr-2
CHECK_VAR	yylineno: 18,	name: area
CHECK_ASSIGN	yylineno: 18,	left: number,	right: number
DEBUG	stmt-5
DEBUG	stmt-list-2
DEBUG	line-1
DEBUG	if-stmt-1
DEBUG	stmt-6
DEBUG	if-stmt-3
DEBUG	stmt-6
DEBUG	stmt-list-1
DEBUG	line-1
DEBUG	begin-1
Parse successful
---------Tabela de Variaveis-------
Pos 0   -- name: circulo   	line: 5   	type: boolean
Pos 1   -- name: pi        	line: 6   	type: number
Pos 2   -- name: raio      	line: 7   	type: number
Pos 3   -- name: triangulo 	line: 9   	type: boolean
Pos 4   -- name: base      	line: 10  	type: number
Pos 5   -- name: altura    	line: 11  	type: number
Pos 6   -- name: area      	line: 13  	type: number
---------Tabela de Strings-------
