DEBUG	var-declr-rw-1
DEBUG	var-type-1
DEBUG	var-val-1
DEBUG	idx-safe-expr-1
DEBUG	expr-1
DEBUG	var-declr-5
CHECK_ASSIGN	yylineno: 5,	left: number,	right: number
NEW_VAR		yylineno: 5,	name: a,	line: 5,	type: number
DEBUG	stmt-1
DEBUG	stmt-list-2
DEBUG	var-declr-rw-1
DEBUG	var-type-1
DEBUG	var-val-1
DEBUG	idx-safe-expr-1
DEBUG	expr-1
DEBUG	var-declr-5
CHECK_ASSIGN	yylineno: 6,	left: number,	right: number
NEW_VAR		yylineno: 6,	name: b,	line: 6,	type: number
DEBUG	stmt-1
DEBUG	stmt-list-1
DEBUG	var-declr-rw-1
DEBUG	var-type-1
DEBUG	var-val-1
DEBUG	idx-safe-expr-1
DEBUG	expr-1
DEBUG	var-declr-5
CHECK_ASSIGN	yylineno: 7,	left: number,	right: number
NEW_VAR		yylineno: 7,	name: c,	line: 7,	type: number
DEBUG	stmt-1
DEBUG	stmt-list-1
DEBUG	idx-safe-expr-8
CHECK_VAR	yylineno: 9,	name: a
DEBUG	expr-1
DEBUG	idx-safe-expr-8
CHECK_VAR	yylineno: 9,	name: b
DEBUG	expr-1
DEBUG	var-val-1
DEBUG	idx-safe-expr-1
DEBUG	expr-1
DEBUG	arit-expr-2
UNIFY		yylineno: 9,	left: number,	right: number,	op: *
DEBUG	idx-safe-expr-3
DEBUG	expr-1
DEBUG	arit-expr-1
UNIFY		yylineno: 9,	left: number,	right: number,	op: +
DEBUG	idx-safe-expr-3
DEBUG	expr-1
DEBUG	args-list-4
DEBUG	var-met-1
DEBUG	var-att-3
DEBUG	expr-1
DEBUG	stmt-4
DEBUG	stmt-list-1
DEBUG	idx-safe-expr-8
CHECK_VAR	yylineno: 10,	name: b
DEBUG	expr-1
DEBUG	idx-safe-expr-8
CHECK_VAR	yylineno: 10,	name: a
DEBUG	expr-1
DEBUG	arit-expr-2
UNIFY		yylineno: 10,	left: number,	right: number,	op: *
DEBUG	idx-safe-expr-3
DEBUG	expr-1
DEBUG	idx-safe-expr-8
CHECK_VAR	yylineno: 10,	name: c
DEBUG	expr-1
DEBUG	arit-expr-2
UNIFY		yylineno: 10,	left: number,	right: number,	op: /
DEBUG	idx-safe-expr-3
DEBUG	expr-1
DEBUG	var-val-1
DEBUG	idx-safe-expr-1
DEBUG	expr-1
DEBUG	arit-expr-2
UNIFY		yylineno: 10,	left: number,	right: number,	op: -
DEBUG	idx-safe-expr-3
DEBUG	expr-1
DEBUG	args-list-4
DEBUG	var-met-1
DEBUG	var-att-3
DEBUG	expr-1
DEBUG	stmt-4
DEBUG	stmt-list-1
DEBUG	var-val-3
DEBUG	idx-safe-expr-1
DEBUG	expr-1
DEBUG	args-list-4
DEBUG	var-met-1
DEBUG	var-att-3
DEBUG	expr-1
DEBUG	stmt-4
DEBUG	stmt-list-1
DEBUG	line-1
DEBUG	begin-1
Parse successful
---------Tabela de Variaveis-------
Pos 0	-- name: a,	line: 5,	type: number
Pos 1	-- name: b,	line: 6,	type: number
Pos 2	-- name: c,	line: 7,	type: number
---------Tabela de Strings-------
Pos 0	-- string: "str"
