DEBUG	var-declr-rw-1
DEBUG	var-type-1
DEBUG	var-declr-4
NEW_VAR		yylineno: 5,	name: x,	line: 5,	type: number
DEBUG	stmt-1
DEBUG	stmt-list-2
DEBUG	assignment-1
DEBUG	var-val-1
DEBUG	idx-safe-expr-1
DEBUG	expr-1
DEBUG	assign-expr-2
CHECK_VAR	yylineno: 7,	name: x
CHECK_ASSIGN	yylineno: 7,	left: number,	right: number
DEBUG	idx-safe-expr-8
CHECK_VAR	yylineno: 8,	name: x
DEBUG	expr-1
DEBUG	args-list-4
DEBUG	var-met-1
DEBUG	var-att-3
DEBUG	expr-1
DEBUG	stmt-4
DEBUG	stmt-list-2
DEBUG	assignment-1
DEBUG	var-val-1
DEBUG	idx-safe-expr-1
DEBUG	expr-1
DEBUG	assign-expr-2
CHECK_VAR	yylineno: 10,	name: x
CHECK_ASSIGN	yylineno: 10,	left: number,	right: number
DEBUG	var-met-1
DEBUG	var-att-3
DEBUG	expr-1
DEBUG	stmt-4
DEBUG	stmt-list-1
SYNTAX ERROR (11): syntax error, unexpected $end
