DEBUG	var-declr-rw-1
DEBUG	id-list-2
DEBUG	var-declr-1
NEW_VAR		yylineno: 5,	name: a,	line: 5,	type: undefined
DEBUG	stmt-1
DEBUG	stmt-list-2
DEBUG	var-declr-rw-1
DEBUG	var-type-1
DEBUG	var-declr-4
NEW_VAR		yylineno: 6,	name: b,	line: 6,	type: number
DEBUG	stmt-1
DEBUG	stmt-list-1
DEBUG	var-declr-rw-1
DEBUG	var-type-1
DEBUG	var-val-1
DEBUG	idx-safe-expr-1
DEBUG	expr-1
DEBUG	var-declr-5
CHECK_ASSIGN	yylineno: 7,	left: number,	right: number
NEW_VAR		yylineno: 7,	name: c,	line: 7,	type: number
DEBUG	stmt-1
DEBUG	stmt-list-1
DEBUG	var-declr-rw-1
DEBUG	id-list-2
DEBUG	var-val-2
DEBUG	idx-safe-expr-1
DEBUG	expr-1
DEBUG	var-declr-2
NEW_VAR		yylineno: 8,	name: d,	line: 8,	type: number
DEBUG	stmt-1
DEBUG	stmt-list-1
DEBUG	var-declr-rw-1
DEBUG	var-type-3
DEBUG	var-val-3
DEBUG	idx-safe-expr-1
DEBUG	expr-1
DEBUG	var-declr-5
CHECK_ASSIGN	yylineno: 9,	left: boolean,	right: string
SEMANTIC ERROR (9): incompatible types for operator '=', LHS is 'boolean' and RHS is 'string'.
