3: let -> LET
3: x -> ID
3: : -> COLON
3: number -> NUMBER
Linha 3 Non-T "var-type" item 1
3: ; -> SEMI
Linha 3 Non-T "var-declr" item 4
Linha 3 Non-T "stmt" item 1
Linha 3 Non-T "stmt-list" item 2
5: if -> IF
5: ( -> LPAR
5: x -> ID
5: = -> ASSIGN
Linha 5 Non-T "assignment" item 1
5: 1 -> INT_VAL
Linha 5 Non-T "var-val" item 1
Linha 5 Non-T "idx-safe-expr" item 1
Linha 5 Non-T "expr" item 1
5: ) -> RPAR
Linha 5 Non-T "assign-expr" item 2
5: { -> LBRACE
6: console -> ID
6: . -> DOT
6: log -> ID
6: ( -> LPAR
6: x -> ID
6: ) -> RPAR
Linha 6 Non-T "idx-safe-expr" item 8
Linha 6 Non-T "expr" item 1
Linha 6 Non-T "args-list" item 4
Linha 6 Non-T "var-met" item 1
6: ; -> SEMI
Linha 6 Non-T "var-att" item 3
Linha 6 Non-T "idx-safe-expr" item 2
Linha 6 Non-T "expr" item 1
Linha 6 Non-T "stmt" item 4
Linha 6 Non-T "stmt-list" item 2
8: console -> ID
8: . -> DOT
8: log -> ID
8: ( -> LPAR
8: x -> ID
8: = -> ASSIGN
Linha 8 Non-T "assignment" item 1
8: 0 -> INT_VAL
Linha 8 Non-T "var-val" item 1
Linha 8 Non-T "idx-safe-expr" item 1
Linha 8 Non-T "expr" item 1
8: ) -> RPAR
Linha 8 Non-T "assign-expr" item 2
Linha 8 Non-T "args-list" item 5
Linha 8 Non-T "var-met" item 1
8: ; -> SEMI
Linha 8 Non-T "var-att" item 3
Linha 8 Non-T "idx-safe-expr" item 2
Linha 8 Non-T "expr" item 1
Linha 8 Non-T "stmt" item 4
Linha 8 Non-T "stmt-list" item 1
SYNTAX ERROR (9): syntax error, unexpected $end
