3: let -> LET
3: a -> ID
3: : -> COLON
3: number -> NUMBER
3: = -> ASSIGN
3: 9 -> INT_VAL
3: ; -> SEMI
4: let -> LET
4: b -> ID
4: : -> COLON
4: number -> NUMBER
4: = -> ASSIGN
4: 2 -> INT_VAL
4: ; -> SEMI
5: let -> LET
5: c -> ID
5: : -> COLON
5: number -> NUMBER
5: = -> ASSIGN
5: null -> NULL_RW
5: ; -> SEMI
7: console -> ID
7: . -> DOT
7: log -> ID
7: ( -> LPAR
7: a -> ID
7: + -> PLUS
7: b -> ID
7: * -> MULT
7: 7 -> INT_VAL
7: ) -> RPAR
7: ; -> SEMI
8: a -> ID
8: = -> ASSIGN
8: 4 -> INT_VAL
8: ; -> SEMI
9: c -> ID
9: = -> ASSIGN
9: a -> ID
9: ; -> SEMI
10: console -> ID
10: . -> DOT
10: log -> ID
10: ( -> LPAR
10: b -> ID
10: * -> MULT
10: a -> ID
10: / -> DIV
10: c -> ID
10: ) -> RPAR
10: ; -> SEMI
