.data:
    string0: .asciiz "str"
    a: .double 0
    temp0: .double 9.000000
    b: .double 0
    temp1: .double 2.000000
    c: .double 0
    temp2: .double 10.000000
    temp3: .double 7.000000
    temp4: .asciiz "\n"
    temp5: .double 1.000000

.text:

.global main

main:
    l.d $f0, temp0
    la $t0, a
    s.d $f0, 0($t0)
    l.d $f0, temp1
    la $t0, b
    s.d $f0, 0($t0)
    l.d $f0, temp2
    la $t0, c
    s.d $f0, 0($t0)
    la $t0, a
    la $t1, b
    l.d $f0, temp3
    l.d $f4, 0($t1)
    mul.d $f2, $f4, $f0
    l.d $f8, 0($t0)
    add.d $f6, $f8, $f2
    li $v0, 3
    mov.d $f12, $f6
    syscall
    li $v0, 4
    la $a0, temp4
    syscall
    la $t0, b
    la $t1, a
    l.d $f2, 0($t0)
    l.d $f4, 0($t1)
    mul.d $f0, $f2, $f4
    la $t2, c
    l.d $f8, 0($t2)
    div.d $f6, $f0, $f8
    l.d $f10, temp5
    sub.d $f12, $f6, $f10
    li $v0, 3
    mov.d $f12, $f12
    syscall
    li $v0, 4
    la $a0, temp4
    syscall
    la $t0, string0
    li $v0, 4
    move $a0, $t0
    syscall
    li $v0, 4
    la $a0, temp4
    syscall
    li $v0, 10
    syscall
